<?xml version="1.0" encoding="UTF-8"?>
<testng-results skipped="0" failed="0" ignored="0" total="1" passed="1">
  <reporter-output>
  </reporter-output>
  <suite name="Default suite" duration-ms="33900" started-at="2020-05-06T05:16:56Z" finished-at="2020-05-06T05:17:30Z">
    <groups>
    </groups>
    <test name="Default test" duration-ms="33900" started-at="2020-05-06T05:16:56Z" finished-at="2020-05-06T05:17:30Z">
      <class name="com.automation.selenium.ExecuteJavaScript">
        <test-method status="PASS" signature="setUpSuite()[pri:0, instance:com.automation.selenium.ExecuteJavaScript@6767c1fc]" name="setUpSuite" is-config="true" duration-ms="702" started-at="2020-05-06T10:46:56Z" finished-at="2020-05-06T10:46:56Z">
          <reporter-output>
          </reporter-output>
        </test-method> <!-- setUpSuite -->
        <test-method status="PASS" signature="setup()[pri:0, instance:com.automation.selenium.ExecuteJavaScript@6767c1fc]" name="setup" is-config="true" duration-ms="27816" started-at="2020-05-06T10:46:56Z" finished-at="2020-05-06T10:47:24Z">
          <reporter-output>
          </reporter-output>
        </test-method> <!-- setup -->
        <test-method status="PASS" signature="ExecuteJS()[pri:0, instance:com.automation.selenium.ExecuteJavaScript@6767c1fc]" name="ExecuteJS" duration-ms="5017" started-at="2020-05-06T10:47:24Z" finished-at="2020-05-06T10:47:29Z">
          <reporter-output>
          </reporter-output>
        </test-method> <!-- ExecuteJS -->
        <test-method status="PASS" signature="tearDown()[pri:0, instance:com.automation.selenium.ExecuteJavaScript@6767c1fc]" name="tearDown" is-config="true" duration-ms="1046" started-at="2020-05-06T10:47:29Z" finished-at="2020-05-06T10:47:30Z">
          <reporter-output>
          </reporter-output>
        </test-method> <!-- tearDown -->
      </class> <!-- com.automation.selenium.ExecuteJavaScript -->
    </test> <!-- Default test -->
  </suite> <!-- Default suite -->
</testng-results>
